Tue, 15 Sep 2020 14:38:36 GMT | ERROR  | HTTP 404: ask for:  http://localhost:3000/5f60d1adc153a216407253a6
Tue, 15 Sep 2020 15:08:51 GMT | ERROR  | HTTP 404: ask for:  http://localhost:3000/5f60d235007648167494a21d
Tue, 15 Sep 2020 15:11:03 GMT | ERROR  | HTTP 404: ask for:  http://localhost:3000/order/5f60d235007648167494a21d
Tue, 15 Sep 2020 15:26:18 GMT | ERROR  | HTTP 404: ask for:  http://localhost:3000/products
Tue, 15 Sep 2020 15:26:49 GMT | ERROR  | HTTP 404: ask for:  http://localhost:3000/products/
Tue, 15 Sep 2020 15:26:50 GMT | ERROR  | HTTP 404: ask for:  http://localhost:3000/products/
Tue, 15 Sep 2020 15:27:17 GMT | ERROR  | HTTP 404: ask for:  http://localhost:3000/products/
Tue, 15 Sep 2020 15:28:09 GMT | ERROR  | HTTP 404: ask for:  http://localhost:3000/products/
Tue, 15 Sep 2020 15:28:10 GMT | ERROR  | HTTP 404: ask for:  http://localhost:3000/products/
Fri, 02 Oct 2020 08:56:14 GMT | ERROR  | HTTP 404: ask for:  http://localhost:3000/
Fri, 02 Oct 2020 08:56:14 GMT | ERROR  | HTTP 404: ask for:  http://localhost:3000/favicon.ico
Fri, 02 Oct 2020 08:56:22 GMT | ERROR  | HTTP 404: ask for:  http://localhost:3000/pizza
Fri, 02 Oct 2020 08:57:34 GMT | ERROR  | HTTP 404: ask for:  http://localhost:3000/products
Fri, 02 Oct 2020 08:57:37 GMT | ERROR  | HTTP 404: ask for:  http://localhost:3000/product
Fri, 02 Oct 2020 08:57:42 GMT | ERROR  | HTTP 404: ask for:  http://localhost:3000/product:1
Fri, 02 Oct 2020 09:16:23 GMT | ERROR  | HTTP 404: ask for:  http://localhost:3000/products/
Fri, 02 Oct 2020 09:16:29 GMT | ERROR  | HTTP 404: ask for:  http://localhost:3000/product/
Fri, 02 Oct 2020 09:17:14 GMT | ERROR  | HTTP 404: ask for:  http://localhost:3000/order
Fri, 02 Oct 2020 10:49:32 GMT | ERROR  | HTTP 404: ask for:  http://localhost:3000/product?id=5f7705081e53170e20c86a2d
Fri, 02 Oct 2020 10:49:32 GMT | ERROR  | HTTP 404: ask for:  http://localhost:3000/product?id=5f7705081e53170e20c86a2d
Fri, 02 Oct 2020 10:49:36 GMT | ERROR  | HTTP 404: ask for:  http://localhost:3000/product?id=5f7705081e53170e20c86a2d
Fri, 02 Oct 2020 10:51:18 GMT | ERROR  | HTTP 404: ask for:  http://localhost:3000/
Fri, 02 Oct 2020 10:51:28 GMT | ERROR  | HTTP 404: ask for:  http://localhost:3000/pizza
Fri, 02 Oct 2020 10:54:58 GMT | ERROR  | HTTP 404: ask for:  http://localhost:3000/pizza
Fri, 02 Oct 2020 10:55:17 GMT | ERROR  | HTTP 404: ask for:  http://localhost:3000/pizza
Fri, 02 Oct 2020 10:56:05 GMT | ERROR  | HTTP 404: ask for:  http://localhost:3000/product/
Fri, 02 Oct 2020 10:56:20 GMT | ERROR  | HTTP 404: ask for:  http://localhost:3000/product/?name=5f7705081e53170e20c86a2d
Fri, 02 Oct 2020 10:56:30 GMT | ERROR  | HTTP 404: ask for:  http://localhost:3000/product/?name=5f7705081e53170e20c86a2d
Fri, 02 Oct 2020 10:56:31 GMT | ERROR  | HTTP 404: ask for:  http://localhost:3000/product/?name=5f7705081e53170e20c86a2d
Fri, 02 Oct 2020 10:57:57 GMT | ERROR  | HTTP 404: ask for:  http://localhost:3000/pizza
Fri, 02 Oct 2020 10:57:59 GMT | ERROR  | HTTP 404: ask for:  http://localhost:3000/pizza
Fri, 02 Oct 2020 11:32:50 GMT | ERROR  | HTTP 404: ask for:  http://localhost:3000/pizza
Fri, 02 Oct 2020 12:12:00 GMT | ERROR  | HTTP 404: ask for:  http://localhost:3000/pizza
Fri, 02 Oct 2020 12:12:04 GMT | ERROR  | HTTP 404: ask for:  http://localhost:3000/pizza
Fri, 02 Oct 2020 12:13:02 GMT | ERROR  | HTTP 404: ask for:  http://localhost:3000/pizza?=5f7717fc567bf917bb3df4f2
Fri, 02 Oct 2020 12:13:18 GMT | ERROR  | HTTP 404: ask for:  http://localhost:3000/pizza
Fri, 02 Oct 2020 12:13:25 GMT | ERROR  | HTTP 404: ask for:  http://localhost:3000/pizza
Fri, 02 Oct 2020 12:13:32 GMT | ERROR  | HTTP 404: ask for:  http://localhost:3000/pizza?id=5f7717fc567bf917bb3df4f2
Fri, 02 Oct 2020 12:14:59 GMT | ERROR  | HTTP 404: ask for:  http://localhost:3000/
Fri, 02 Oct 2020 12:15:08 GMT | ERROR  | HTTP 404: ask for:  http://localhost:3000/pizza:5f7717fc567bf917bb3df4f2
Fri, 02 Oct 2020 12:15:13 GMT | ERROR  | HTTP 404: ask for:  http://localhost:3000/pizza?=5f7717fc567bf917bb3df4f2
Fri, 02 Oct 2020 12:16:06 GMT | ERROR  | HTTP 404: ask for:  http://localhost:3000/product?=5f7702c93101c10d2bd2775d
Fri, 02 Oct 2020 12:16:13 GMT | ERROR  | HTTP 404: ask for:  http://localhost:3000/products:5f7702c93101c10d2bd2775d
Fri, 02 Oct 2020 12:16:19 GMT | ERROR  | HTTP 404: ask for:  http://localhost:3000/products:
Fri, 02 Oct 2020 12:34:22 GMT | ERROR  | HTTP 404: ask for:  http://localhost:3000/pizza?id=5f7717fc567bf917bb3df4f2
